0 silly argv {
0 silly argv   _: [ 'version' ],
0 silly argv   changelog: false,
0 silly argv   'conventional-commits': true,
0 silly argv   conventionalCommits: true,
0 silly argv   'conventional-graduate': true,
0 silly argv   conventionalGraduate: true,
0 silly argv   yes: true,
0 silly argv   y: true,
0 silly argv   lernaVersion: '6.0.1',
0 silly argv   '$0': 'node_modules/.bin/lerna'
0 silly argv }
1 notice cli v6.0.1
2 verbose rootPath /home/stepan/work/atlan/practice/try-lerna-parent-version
3 info versioning independent
4 silly isAnythingCommitted
5 verbose isAnythingCommitted 1
6 silly getCurrentBranch
7 verbose currentBranch master
8 silly remoteBranchExists
9 silly isBehindUpstream
10 silly isBehindUpstream master is behind origin/master by 0 commit(s) and ahead by 0
11 silly hasTags
12 verbose hasTags false
13 warn conventional-graduate all packages
14 info Graduating all prereleased packages
15 info Looking for changed packages since undefined
16 silly checking diff packages/a
17 error Error: Command failed with exit code 128: git diff --name-only  -- packages/a
17 error fatal: bad revision 'undefined'
17 error     at makeError (/home/stepan/work/atlan/practice/try-lerna-parent-version/node_modules/execa/lib/error.js:60:11)
17 error     at Function.module.exports.sync (/home/stepan/work/atlan/practice/try-lerna-parent-version/node_modules/execa/index.js:194:17)
17 error     at Object.execSync (/home/stepan/work/atlan/practice/try-lerna-parent-version/node_modules/@lerna/child-process/index.js:39:16)
17 error     at diffSinceIn (/home/stepan/work/atlan/practice/try-lerna-parent-version/node_modules/@lerna/collect-updates/lib/make-diff-predicate.js:75:23)
17 error     at hasDiffSinceThatIsntIgnored (/home/stepan/work/atlan/practice/try-lerna-parent-version/node_modules/@lerna/collect-updates/lib/make-diff-predicate.js:34:18)
17 error     at isCandidate (/home/stepan/work/atlan/practice/try-lerna-parent-version/node_modules/@lerna/collect-updates/collect-updates.js:113:77)
17 error     at /home/stepan/work/atlan/practice/try-lerna-parent-version/node_modules/@lerna/collect-updates/lib/collect-packages.js:24:9
17 error     at Map.forEach (<anonymous>)
17 error     at collectPackages (/home/stepan/work/atlan/practice/try-lerna-parent-version/node_modules/@lerna/collect-updates/lib/collect-packages.js:23:12)
